\BOOKMARK [1][-]{section*.1}{\376\377\000P\000a\000r\000t\000\040\0001}{}% 1
\BOOKMARK [2][-]{section*.2}{\376\377\000D\000a\000t\000a\000\040\000W\000r\000a\000n\000g\000l\000i\000n\000g}{section*.1}% 2
\BOOKMARK [2][-]{section*.3}{\376\377\000M\000o\000d\000e\000l\000\040\000B\000u\000i\000l\000d\000i\000n\000g}{section*.1}% 3
\BOOKMARK [2][-]{section*.4}{\376\377\000M\000o\000d\000e\000l\000\040\000A\000s\000s\000u\000m\000p\000t\000i\000o\000n\000\040\000a\000n\000d\000\040\000V\000a\000l\000i\000d\000a\000t\000i\000o\000n}{section*.1}% 4
\BOOKMARK [3][-]{section*.5}{\376\377\000I\000n\000t\000e\000r\000c\000e\000p\000t}{section*.4}% 5
\BOOKMARK [3][-]{section*.6}{\376\377\000S\000e\000a\000s\000o\000n}{section*.4}% 6
\BOOKMARK [3][-]{section*.7}{\376\377\000I\000m\000p\000l\000i\000c\000a\000t\000i\000o\000n\000s}{section*.4}% 7
\BOOKMARK [3][-]{section*.8}{\376\377\000N\000o\000r\000m\000a\000l\000i\000t\000y\000\040\000o\000f\000\040\000R\000e\000s\000i\000d\000u\000a\000l\000s}{section*.4}% 8
\BOOKMARK [3][-]{section*.9}{\376\377\000H\000o\000m\000o\000s\000c\000e\000d\000a\000s\000t\000i\000c\000i\000t\000y}{section*.4}% 9
\BOOKMARK [2][-]{section*.10}{\376\377\000P\000r\000e\000d\000i\000c\000t\000i\000o\000n\000\040\000o\000f\000\040\000H\000o\000m\000e\000\040\000R\000u\000n\000\040\000R\000a\000t\000e\000\040\000i\000n\000\040\0002\0000\0000\0001\000\040\000S\000e\000a\000s\000o\000n}{section*.1}% 10
\BOOKMARK [1][-]{section*.11}{\376\377\000P\000a\000r\000t\000\040\000I\000I}{}% 11
\BOOKMARK [2][-]{section*.12}{\376\377\000I\000n\000t\000r\000o\000d\000u\000c\000t\000i\000o\000n}{section*.11}% 12
\BOOKMARK [3][-]{section*.13}{\376\377\000D\000a\000t\000a\000s\000e\000t\000\040\000O\000v\000e\000r\000v\000i\000e\000w}{section*.12}% 13
\BOOKMARK [3][-]{section*.14}{\376\377\000M\000o\000t\000i\000v\000a\000t\000i\000o\000n\000s\000\040\000f\000o\000r\000\040\000R\000e\000s\000e\000a\000r\000c\000h\000i\000n\000g\000\040\000S\000l\000e\000e\000p}{section*.12}% 14
\BOOKMARK [2][-]{section*.15}{\376\377\000M\000o\000d\000e\000l\000\040\000B\000u\000i\000l\000d\000i\000n\000g}{section*.11}% 15
\BOOKMARK [2][-]{section*.16}{\376\377\000M\000o\000d\000e\000l\000\040\000A\000s\000s\000u\000m\000p\000t\000i\000o\000n\000\040\000a\000n\000d\000\040\000V\000a\000l\000i\000d\000a\000t\000i\000o\000n}{section*.11}% 16
\BOOKMARK [3][-]{section*.17}{\376\377\000I\000n\000t\000e\000r\000c\000e\000p\000t}{section*.16}% 17
\BOOKMARK [3][-]{section*.18}{\376\377\000A\000g\000e}{section*.16}% 18
\BOOKMARK [3][-]{section*.19}{\376\377\000I\000m\000p\000l\000i\000c\000a\000t\000i\000o\000n\000s}{section*.16}% 19
\BOOKMARK [3][-]{section*.20}{\376\377\000N\000o\000r\000m\000a\000l\000i\000t\000y\000\040\000o\000f\000\040\000R\000e\000s\000i\000d\000u\000a\000l\000s}{section*.16}% 20
\BOOKMARK [3][-]{section*.21}{\376\377\000H\000o\000m\000o\000s\000c\000e\000d\000a\000s\000t\000i\000c\000i\000t\000y}{section*.16}% 21
\BOOKMARK [2][-]{section*.22}{\376\377\000R\000e\000f\000e\000r\000e\000n\000c\000e\000s}{section*.11}% 22
